0 info it worked if it ends with ok
1 verbose cli [ 'e:\\Program Files\\nodejs\\node.exe',
1 verbose cli   'C:\\Users\\Walter\\AppData\\Roaming\\npm\\node_modules\\npm\\bin\\npm-cli.js',
1 verbose cli   'run',
1 verbose cli   'lite' ]
2 info using npm@3.10.8
3 info using node@v4.5.0
4 verbose run-script [ 'prelite', 'lite', 'postlite' ]
5 info lifecycle angular-quickstart@1.0.0~prelite: angular-quickstart@1.0.0
6 silly lifecycle angular-quickstart@1.0.0~prelite: no script for prelite, continuing
7 info lifecycle angular-quickstart@1.0.0~lite: angular-quickstart@1.0.0
8 verbose lifecycle angular-quickstart@1.0.0~lite: unsafe-perm in lifecycle true
9 verbose lifecycle angular-quickstart@1.0.0~lite: PATH: C:\Users\Walter\AppData\Roaming\npm\node_modules\npm\bin\node-gyp-bin;e:\development\angular-quickstart\node_modules\.bin;C:\Users\Walter\AppData\Roaming\npm\node_modules\npm\bin\node-gyp-bin;e:\development\angular-quickstart\node_modules\.bin;C:\Users\Walter\AppData\Roaming\npm;e:\Program Files\nodejs\;C:\Program Files (x86)\NVIDIA Corporation\PhysX\Common;C:\Program Files (x86)\Intel\iCLS Client\;C:\Program Files\Intel\iCLS Client\;C:\WINDOWS\system32;C:\WINDOWS;C:\WINDOWS\System32\Wbem;C:\WINDOWS\System32\WindowsPowerShell\v1.0\;C:\Program Files\Intel\Intel(R) Management Engine Components\DAL;C:\Program Files (x86)\Intel\Intel(R) Management Engine Components\DAL;C:\Program Files\Intel\Intel(R) Management Engine Components\IPT;C:\Program Files (x86)\Intel\Intel(R) Management Engine Components\IPT;C:\MinGW\bin;E:\Program Files (x86)\Windows Kits\8.1\Windows Performance Toolkit\;e:\Program Files (x86)\OpenSSH\bin;e:\Program Files\nodejs\;C:\Users\Walter\AppData\Local\Microsoft\WindowsApps;C:\Users\Walter\AppData\Roaming\npm
10 verbose lifecycle angular-quickstart@1.0.0~lite: CWD: e:\development\angular-quickstart
11 silly lifecycle angular-quickstart@1.0.0~lite: Args: [ '/d /s /c', 'lite-server' ]
12 silly lifecycle angular-quickstart@1.0.0~lite: Returned: code: 3  signal: null
13 info lifecycle angular-quickstart@1.0.0~lite: Failed to exec lite script
14 verbose stack Error: angular-quickstart@1.0.0 lite: `lite-server`
14 verbose stack Exit status 3
14 verbose stack     at EventEmitter.<anonymous> (C:\Users\Walter\AppData\Roaming\npm\node_modules\npm\lib\utils\lifecycle.js:255:16)
14 verbose stack     at emitTwo (events.js:87:13)
14 verbose stack     at EventEmitter.emit (events.js:172:7)
14 verbose stack     at ChildProcess.<anonymous> (C:\Users\Walter\AppData\Roaming\npm\node_modules\npm\lib\utils\spawn.js:40:14)
14 verbose stack     at emitTwo (events.js:87:13)
14 verbose stack     at ChildProcess.emit (events.js:172:7)
14 verbose stack     at maybeClose (internal/child_process.js:829:16)
14 verbose stack     at Process.ChildProcess._handle.onexit (internal/child_process.js:211:5)
15 verbose pkgid angular-quickstart@1.0.0
16 verbose cwd e:\development\angular-quickstart
17 error Windows_NT 10.0.14393
18 error argv "e:\\Program Files\\nodejs\\node.exe" "C:\\Users\\Walter\\AppData\\Roaming\\npm\\node_modules\\npm\\bin\\npm-cli.js" "run" "lite"
19 error node v4.5.0
20 error npm  v3.10.8
21 error code ELIFECYCLE
22 error angular-quickstart@1.0.0 lite: `lite-server`
22 error Exit status 3
23 error Failed at the angular-quickstart@1.0.0 lite script 'lite-server'.
23 error Make sure you have the latest version of node.js and npm installed.
23 error If you do, this is most likely a problem with the angular-quickstart package,
23 error not with npm itself.
23 error Tell the author that this fails on your system:
23 error     lite-server
23 error You can get information on how to open an issue for this project with:
23 error     npm bugs angular-quickstart
23 error Or if that isn't available, you can get their info via:
23 error     npm owner ls angular-quickstart
23 error There is likely additional logging output above.
24 verbose exit [ 1, true ]
